e:\vs2015 projects\minterpreter(v1.1)\minterpreter\debug\minterpreter.pch
e:\vs2015 projects\minterpreter(v1.1)\minterpreter\debug\vc140.pdb
e:\vs2015 projects\minterpreter(v1.1)\minterpreter\debug\vc140.idb
e:\vs2015 projects\minterpreter(v1.1)\minterpreter\debug\stdafx.obj
e:\vs2015 projects\minterpreter(v1.1)\minterpreter\debug\action.obj
e:\vs2015 projects\minterpreter(v1.1)\minterpreter\debug\minterpreter.obj
e:\vs2015 projects\minterpreter(v1.1)\minterpreter\debug\minterpreterbe.obj
e:\vs2015 projects\minterpreter(v1.1)\minterpreter\debug\minterpreterdlg.obj
e:\vs2015 projects\minterpreter(v1.1)\minterpreter\debug\quadruple.obj
e:\vs2015 projects\minterpreter(v1.1)\minterpreter\debug\readonlyedit.obj
e:\vs2015 projects\minterpreter(v1.1)\minterpreter\debug\token.obj
e:\vs2015 projects\minterpreter(v1.1)\debug\minterpreter.ilk
e:\vs2015 projects\minterpreter(v1.1)\debug\minterpreter.exe
e:\vs2015 projects\minterpreter(v1.1)\debug\minterpreter.pdb
e:\vs2015 projects\minterpreter(v1.1)\minterpreter\debug\minterpreter.res
e:\vs2015 projects\minterpreter(v1.1)\minterpreter\debug\minterpreter.tlog\cl.command.1.tlog
e:\vs2015 projects\minterpreter(v1.1)\minterpreter\debug\minterpreter.tlog\cl.read.1.tlog
e:\vs2015 projects\minterpreter(v1.1)\minterpreter\debug\minterpreter.tlog\cl.write.1.tlog
e:\vs2015 projects\minterpreter(v1.1)\minterpreter\debug\minterpreter.tlog\link.command.1.tlog
e:\vs2015 projects\minterpreter(v1.1)\minterpreter\debug\minterpreter.tlog\link.read.1.tlog
e:\vs2015 projects\minterpreter(v1.1)\minterpreter\debug\minterpreter.tlog\link.write.1.tlog
e:\vs2015 projects\minterpreter(v1.1)\minterpreter\debug\minterpreter.tlog\rc.command.1.tlog
e:\vs2015 projects\minterpreter(v1.1)\minterpreter\debug\minterpreter.tlog\rc.read.1.tlog
e:\vs2015 projects\minterpreter(v1.1)\minterpreter\debug\minterpreter.tlog\rc.write.1.tlog
