e:\vs2015 projects\minterpreter(v1.1)\minterpreter\release\minterpreter.pch
e:\vs2015 projects\minterpreter(v1.1)\minterpreter\release\vc140.pdb
e:\vs2015 projects\minterpreter(v1.1)\minterpreter\release\stdafx.obj
e:\vs2015 projects\minterpreter(v1.1)\minterpreter\release\token.obj
e:\vs2015 projects\minterpreter(v1.1)\minterpreter\release\readonlyedit.obj
e:\vs2015 projects\minterpreter(v1.1)\minterpreter\release\quadruple.obj
e:\vs2015 projects\minterpreter(v1.1)\minterpreter\release\minterpreterdlg.obj
e:\vs2015 projects\minterpreter(v1.1)\minterpreter\release\minterpreterbe.obj
e:\vs2015 projects\minterpreter(v1.1)\minterpreter\release\minterpreter.obj
e:\vs2015 projects\minterpreter(v1.1)\minterpreter\release\action.obj
e:\vs2015 projects\minterpreter(v1.1)\release\minterpreter.exe
e:\vs2015 projects\minterpreter(v1.1)\release\minterpreter.pdb
e:\vs2015 projects\minterpreter(v1.1)\minterpreter\release\minterpreter.res
e:\vs2015 projects\minterpreter(v1.1)\minterpreter\release\minterpreter.tlog\cl.command.1.tlog
e:\vs2015 projects\minterpreter(v1.1)\minterpreter\release\minterpreter.tlog\cl.read.1.tlog
e:\vs2015 projects\minterpreter(v1.1)\minterpreter\release\minterpreter.tlog\cl.write.1.tlog
e:\vs2015 projects\minterpreter(v1.1)\minterpreter\release\minterpreter.tlog\link.command.1.tlog
e:\vs2015 projects\minterpreter(v1.1)\minterpreter\release\minterpreter.tlog\link.read.1.tlog
e:\vs2015 projects\minterpreter(v1.1)\minterpreter\release\minterpreter.tlog\link.write.1.tlog
e:\vs2015 projects\minterpreter(v1.1)\minterpreter\release\minterpreter.tlog\rc.command.1.tlog
e:\vs2015 projects\minterpreter(v1.1)\minterpreter\release\minterpreter.tlog\rc.read.1.tlog
e:\vs2015 projects\minterpreter(v1.1)\minterpreter\release\minterpreter.tlog\rc.write.1.tlog
